<?xml version="1.0" encoding="UTF-8"?>
<!-- Generated by org.testng.reporters.JUnitXMLReporter -->
<testsuite ignored="0" hostname="DESKTOP-0T4GVDK" failures="0" tests="3" name="Default test" time="79.445" errors="0" timestamp="2019-12-14T00:31:49 CET">
  <testcase classname="phpTravelsTests.TravelsCarsExtrasTest" name="cars" time="49.784"/>
  <testcase classname="phpTravelsTests.TravelsCarsExtrasTest" name="findCarName" time="2.864"/>
  <testcase classname="phpTravelsTests.TravelsCarsExtrasTest" name="inputStringInPriceFieldTest" time="22.337"/>
</testsuite> <!-- Default test -->
